    A    B    C    D    E    F    G    H
  -----------------------------------------
1 | ♖  | ♘  | ♗  | ♔  | ♕  | ♗  |    | ♖  | 1
  -----------------------------------------
2 | ♙  | ♙  | ♙  |    | ♙  | ♙  | ♙  | ♙  | 2
  -----------------------------------------
3 |    |    |    |    |    |    |    |    | 3
  -----------------------------------------
4 |    |    |    |    | ♘  |    |    |    | 4
  -----------------------------------------
5 |    |    | ♝  | ♙  |    |    |    |    | 5
  -----------------------------------------
6 |    |    |    |    |    | ♞  |    |    | 6
  -----------------------------------------
7 | ♟  | ♟  | ♟  | ♟  |    | ♟  | ♟  | ♟  | 7
  -----------------------------------------
8 | ♜  | ♞  | ♝  | ♛  |    | ♜  |    | ♚  | 8
  -----------------------------------------
    A    B    C    D    E    F    G    H
May 17 2013: tybenz moved a KING
May 17 2013: tabenziger's KNIGHT captured tybenz's PAWN!
May 17 2013: tybenz moved a ROOK
May 17 2013: tabenziger moved a KNIGHT
May 17 2013: tybenz moved a KNIGHT
May 17 2013: tabenziger moved a KNIGHT
May 17 2013: tybenz moved a BISHOP
May 17 2013: tabenziger moved a PAWN
May 17 2013: tybenz moved a PAWN
May 17 2013: tabenziger moved a PAWN
May 17 2013: tybenz moved a PAWN
